<?xml version="1.0" encoding="UTF-8"?>
<!-- Generated by org.testng.reporters.JUnitXMLReporter -->
<testsuite ignored="0" hostname="Sakshi" failures="1" tests="14" name="Test" time="314.887" errors="0" timestamp="2024-04-10T01:02:02 IST">
  <testcase classname="com.test.DashboardPageTest" name="iClickOnSetUpAndVerifyTile" time="8.448"/>
  <testcase classname="com.test.DashboardPageTest" name="verifyHomePageTile" time="0.078"/>
  <testcase classname="com.test.LoginPageTest" name="verifyHomePageTile" time="0.438">
    <failure type="java.lang.AssertionError" message="expected [null] but found []">
      <![CDATA[java.lang.AssertionError: expected [null] but found []
at com.test.LoginPageTest.verifyHomePageTile(LoginPageTest.java:38)
at java.base/java.util.ArrayList.forEach(ArrayList.java:1511)
... Removed 33 stack frames]]>
    </failure>
  </testcase> <!-- verifyHomePageTile -->
  <testcase classname="com.test.LoginPageTest" name="verifyLogin" time="0.348"/>
  <testcase classname="com.test.SetupPageTest" name="iClickOnManageButtonforTeamManagement" time="0.325"/>
  <testcase classname="com.test.SetupPageTest" name="validateManagementTeamMembersHeader" time="0.274"/>
  <testcase classname="com.test.SetupPageTest" name="verifyAccountSetUpHeader" time="0.343"/>
  <testcase classname="com.test.TeamMembersPageTest" name="iClickOnAddTeamMemberButton" time="0.358"/>
  <testcase classname="com.test.TeamMembersPageTest" name="validateCreateProfileHeader" time="0.727"/>
  <testcase classname="com.test.TeamMembersPageTest" name="validateDeleteTeamMember" time="32.271"/>
  <testcase classname="com.test.TeamMembersPageTest" name="validateTeamMemberAndVerify" time="27.0"/>
  <testcase classname="com.test.TeamMembersPageTest" name="validateTeamMemberPageHeader" time="0.292"/>
  <testcase classname="com.test.TeamMembersPageTest" name="verifyAddAndEditNewTeamMember" time="57.809"/>
  <testcase classname="com.test.TeamMembersPageTest" name="verifyTeamMemberIsAdded" time="21.724"/>
</testsuite> <!-- Test -->
